{
  "0 debug pnpm:scope": {
    "selected": 1
  },
  "1 error pnpm": {
    "code": "ELIFECYCLE",
    "errno": "ENOENT",
    "syscall": "spawn",
    "file": "sh",
    "pkgid": "vue-demi-cli-component@0.1.1",
    "stage": "serve",
    "script": "vue-cli-service serve --mode dev",
    "pkgname": "vue-demi-cli-component",
    "err": {
      "name": "pnpm",
      "message": "vue-demi-cli-component@0.1.1 serve: `vue-cli-service serve --mode dev`\nspawn ENOENT",
      "code": "ELIFECYCLE",
      "stack": "pnpm: vue-demi-cli-component@0.1.1 serve: `vue-cli-service serve --mode dev`\nspawn ENOENT\n    at ChildProcess.<anonymous> (/Users/wangjian/.config/yarn/global/node_modules/pnpm/dist/pnpm.cjs:93535:22)\n    at ChildProcess.emit (node:events:390:28)\n    at maybeClose (node:internal/child_process:1064:16)\n    at Process.ChildProcess._handle.onexit (node:internal/child_process:301:5)"
    }
  },
  "2 warn pnpm:global": " Local package.json exists, but node_modules missing, did you mean to install?"
}